<?xml version="1.0" encoding="UTF-8"?>
<!-- Generated by org.testng.reporters.JUnitXMLReporter -->
<testsuite hostname="vicky-PC" ignored="0" name="Test" tests="24" failures="0" timestamp="20 Apr 2020 09:11:55 GMT" time="9.505" errors="0">
  <testcase name="@BeforeClass setup" time="9.192" classname="com.ep.testCases.BaseClass">
    <failure type="org.openqa.selenium.WebDriverException" message="unknown error: cannot determine loading status
from disconnected: unable to send message to renderer
  (Session info: chrome=80.0.3987.163)
Build info: version: &amp;apos;3.141.59&amp;apos;, revision: &amp;apos;e82be7d358&amp;apos;, time: &amp;apos;2018-11-14T08:17:03&amp;apos;
System info: host: &amp;apos;VICKY-PC&amp;apos;, ip: &amp;apos;192.168.56.1&amp;apos;, os.name: &amp;apos;Windows 7&amp;apos;, os.arch: &amp;apos;x86&amp;apos;, os.version: &amp;apos;6.1&amp;apos;, java.version: &amp;apos;1.8.0_221&amp;apos;
Driver info: org.openqa.selenium.chrome.ChromeDriver
Capabilities {acceptInsecureCerts: false, browserName: chrome, browserVersion: 80.0.3987.163, chrome: {chromedriverVersion: 80.0.3987.106 (f68069574609..., userDataDir: C:\Users\vicky\AppData\Loca...}, goog:chromeOptions: {debuggerAddress: localhost:55542}, javascriptEnabled: true, networkConnectionEnabled: false, pageLoadStrategy: normal, platform: WINDOWS, platformName: WINDOWS, proxy: Proxy(), setWindowRect: true, strictFileInteractability: false, timeouts: {implicit: 0, pageLoad: 300000, script: 30000}, unhandledPromptBehavior: dismiss and notify}
Session ID: e95275084b9385e2ab8df6b570afb536">
      <![CDATA[org.openqa.selenium.WebDriverException: unknown error: cannot determine loading statusfrom disconnected: unable to send message to renderer  (Session info: chrome=80.0.3987.163)Build info: version: '3.141.59', revision: 'e82be7d358', time: '2018-11-14T08:17:03'System info: host: 'VICKY-PC', ip: '192.168.56.1', os.name: 'Windows 7', os.arch: 'x86', os.version: '6.1', java.version: '1.8.0_221'Driver info: org.openqa.selenium.chrome.ChromeDriverCapabilities {acceptInsecureCerts: false, browserName: chrome, browserVersion: 80.0.3987.163, chrome: {chromedriverVersion: 80.0.3987.106 (f68069574609..., userDataDir: C:\Users\vicky\AppData\Loca...}, goog:chromeOptions: {debuggerAddress: localhost:55542}, javascriptEnabled: true, networkConnectionEnabled: false, pageLoadStrategy: normal, platform: WINDOWS, platformName: WINDOWS, proxy: Proxy(), setWindowRect: true, strictFileInteractability: false, timeouts: {implicit: 0, pageLoad: 300000, script: 30000}, unhandledPromptBehavior: dismiss and notify}Session ID: e95275084b9385e2ab8df6b570afb536at org.openqa.selenium.remote.http.W3CHttpResponseCodec.createException(W3CHttpResponseCodec.java:187)at org.openqa.selenium.remote.http.W3CHttpResponseCodec.decode(W3CHttpResponseCodec.java:122)at org.openqa.selenium.remote.http.W3CHttpResponseCodec.decode(W3CHttpResponseCodec.java:49)at org.openqa.selenium.remote.HttpCommandExecutor.execute(HttpCommandExecutor.java:158)at org.openqa.selenium.remote.service.DriverCommandExecutor.execute(DriverCommandExecutor.java:83)at org.openqa.selenium.remote.RemoteWebDriver.execute(RemoteWebDriver.java:552)at org.openqa.selenium.remote.RemoteWebDriver.get(RemoteWebDriver.java:277)at com.ep.testCases.BaseClass.setup(BaseClass.java:67)... Removed 30 stack frames]]>
    </failure>
  </testcase> <!-- @BeforeClass setup -->
  <testcase name="@AfterClass tearDown" time="0.0" classname="com.ep.testCases.BaseClass">
    <skipped/>
  </testcase> <!-- @AfterClass tearDown -->
  <testcase name="@BeforeClass setup" time="0.0" classname="com.ep.testCases.BaseClass">
    <skipped/>
  </testcase> <!-- @BeforeClass setup -->
  <testcase name="@AfterClass tearDown" time="0.0" classname="com.ep.testCases.BaseClass">
    <skipped/>
  </testcase> <!-- @AfterClass tearDown -->
  <testcase name="@BeforeClass setup" time="0.0" classname="com.ep.testCases.BaseClass">
    <skipped/>
  </testcase> <!-- @BeforeClass setup -->
  <testcase name="@AfterClass tearDown" time="0.0" classname="com.ep.testCases.BaseClass">
    <skipped/>
  </testcase> <!-- @AfterClass tearDown -->
  <testcase name="@BeforeClass setup" time="0.0" classname="com.ep.testCases.BaseClass">
    <skipped/>
  </testcase> <!-- @BeforeClass setup -->
  <testcase name="@AfterClass tearDown" time="0.0" classname="com.ep.testCases.BaseClass">
    <skipped/>
  </testcase> <!-- @AfterClass tearDown -->
  <testcase name="opensettingsPageTest" time="0.0" classname="com.ep.testCases.TC_003_SettingsTest">
    <skipped/>
  </testcase> <!-- opensettingsPageTest -->
  <testcase name="findIfSettingExistsTest" time="0.0" classname="com.ep.testCases.TC_003_SettingsTest">
    <skipped/>
  </testcase> <!-- findIfSettingExistsTest -->
  <testcase name="createNewSetting" time="0.0" classname="com.ep.testCases.TC_003_SettingsTest">
    <skipped/>
  </testcase> <!-- createNewSetting -->
  <testcase name="editSetting" time="0.0" classname="com.ep.testCases.TC_003_SettingsTest">
    <skipped/>
  </testcase> <!-- editSetting -->
  <testcase name="seeDetailsOfSetting" time="0.0" classname="com.ep.testCases.TC_003_SettingsTest">
    <skipped/>
  </testcase> <!-- seeDetailsOfSetting -->
  <testcase name="deletSetting" time="0.0" classname="com.ep.testCases.TC_003_SettingsTest">
    <skipped/>
  </testcase> <!-- deletSetting -->
  <testcase name="openIdTypesPageTest" time="0.0" classname="com.ep.testCases.TC_004_IdentificationTypesTest">
    <skipped/>
  </testcase> <!-- openIdTypesPageTest -->
  <testcase name="findIfIdTypeExistsTest" time="0.0" classname="com.ep.testCases.TC_004_IdentificationTypesTest">
    <skipped/>
  </testcase> <!-- findIfIdTypeExistsTest -->
  <testcase name="createIdType" time="0.0" classname="com.ep.testCases.TC_004_IdentificationTypesTest">
    <skipped/>
  </testcase> <!-- createIdType -->
  <testcase name="editIdType" time="0.0" classname="com.ep.testCases.TC_004_IdentificationTypesTest">
    <skipped/>
  </testcase> <!-- editIdType -->
  <testcase name="seeDetailsOfIdType" time="0.0" classname="com.ep.testCases.TC_004_IdentificationTypesTest">
    <skipped/>
  </testcase> <!-- seeDetailsOfIdType -->
  <testcase name="deletSetting" time="0.0" classname="com.ep.testCases.TC_004_IdentificationTypesTest">
    <skipped/>
  </testcase> <!-- deletSetting -->
  <testcase name="openIdTypesPageTest" time="0.0" classname="com.ep.testCases.TC_005_TransactionTypesTest">
    <skipped/>
  </testcase> <!-- openIdTypesPageTest -->
  <testcase name="findIfTransactionTypeExistsTest" time="0.0" classname="com.ep.testCases.TC_005_TransactionTypesTest">
    <skipped/>
  </testcase> <!-- findIfTransactionTypeExistsTest -->
  <testcase name="createIdType" time="0.0" classname="com.ep.testCases.TC_005_TransactionTypesTest">
    <skipped/>
  </testcase> <!-- createIdType -->
  <testcase name="editIdType" time="0.0" classname="com.ep.testCases.TC_005_TransactionTypesTest">
    <skipped/>
  </testcase> <!-- editIdType -->
  <testcase name="seeDetailsOfTransactionType" time="0.0" classname="com.ep.testCases.TC_005_TransactionTypesTest">
    <skipped/>
  </testcase> <!-- seeDetailsOfTransactionType -->
  <testcase name="deletSetting" time="0.0" classname="com.ep.testCases.TC_005_TransactionTypesTest">
    <skipped/>
  </testcase> <!-- deletSetting -->
  <testcase name="openTransactionStatusesPageTest" time="0.0" classname="com.ep.testCases.TC_006_TransactionsStatusesTest">
    <skipped/>
  </testcase> <!-- openTransactionStatusesPageTest -->
  <testcase name="findIfTransactionTypeExistsTest" time="0.0" classname="com.ep.testCases.TC_006_TransactionsStatusesTest">
    <skipped/>
  </testcase> <!-- findIfTransactionTypeExistsTest -->
  <testcase name="createIdType" time="0.0" classname="com.ep.testCases.TC_006_TransactionsStatusesTest">
    <skipped/>
  </testcase> <!-- createIdType -->
  <testcase name="editIdType" time="0.0" classname="com.ep.testCases.TC_006_TransactionsStatusesTest">
    <skipped/>
  </testcase> <!-- editIdType -->
  <testcase name="seeDetailsOfTransactionType" time="0.0" classname="com.ep.testCases.TC_006_TransactionsStatusesTest">
    <skipped/>
  </testcase> <!-- seeDetailsOfTransactionType -->
  <testcase name="deletSetting" time="0.0" classname="com.ep.testCases.TC_006_TransactionsStatusesTest">
    <skipped/>
  </testcase> <!-- deletSetting -->
</testsuite> <!-- Test -->
